<?xml version="1.0" encoding="UTF-8"?>
<!-- Generated by org.testng.reporters.JUnitReportReporter -->
<testsuite hostname="PC201808011230" name="com.test.git.testNG.groups.GroupsOnClass1" tests="4" failures="0" timestamp="5 Dec 2019 06:21:44 GMT" time="0.010" errors="0">
  <testcase name="study2" time="0.001" classname="com.test.git.testNG.groups.GroupsOnClass1"/>
  <testcase name="study2" time="0.001" classname="com.test.git.testNG.groups.GroupsOnClass1"/>
  <testcase name="study1" time="0.001" classname="com.test.git.testNG.groups.GroupsOnClass1"/>
  <testcase name="study1" time="0.007" classname="com.test.git.testNG.groups.GroupsOnClass1"/>
</testsuite> <!-- com.test.git.testNG.groups.GroupsOnClass1 -->
