<?xml version="1.0" encoding="UTF-8"?>
<!-- Generated by org.testng.reporters.JUnitReportReporter -->
<testsuite hostname="PC201808011230" name="com.test.git.testNG.Parameter.PeramterTest" tests="1" failures="0" timestamp="6 Dec 2019 02:37:45 GMT" time="0.015" errors="0">
  <testcase name="param" time="0.015" classname="com.test.git.testNG.Parameter.PeramterTest"/>
</testsuite> <!-- com.test.git.testNG.Parameter.PeramterTest -->
