<?xml version="1.0" encoding="UTF-8"?>
<!-- Generated by org.testng.reporters.JUnitReportReporter -->
<testsuite hostname="PC201808011230" name="com.test.git.testNG.groups.GroupsOnClass2" tests="4" failures="0" timestamp="5 Dec 2019 05:52:14 GMT" time="0.003" errors="0">
  <testcase name="stu2" time="0.001" classname="com.test.git.testNG.groups.GroupsOnClass2"/>
  <testcase name="stu2" time="0.001" classname="com.test.git.testNG.groups.GroupsOnClass2"/>
  <testcase name="stu1" time="0.000" classname="com.test.git.testNG.groups.GroupsOnClass2"/>
  <testcase name="stu1" time="0.001" classname="com.test.git.testNG.groups.GroupsOnClass2"/>
</testsuite> <!-- com.test.git.testNG.groups.GroupsOnClass2 -->
