<?xml version="1.0" encoding="UTF-8"?>
<!-- Generated by org.testng.reporters.JUnitReportReporter -->
<testsuite hostname="PC201808011230" name="com.test.git.testNG.GroupTest" tests="2" failures="0" timestamp="3 Dec 2019 09:38:10 GMT" time="0.004" errors="0">
  <testcase name="Server2" time="0.001" classname="com.test.git.testNG.GroupTest"/>
  <testcase name="Client1" time="0.003" classname="com.test.git.testNG.GroupTest"/>
</testsuite> <!-- com.test.git.testNG.GroupTest -->
