<?xml version="1.0" encoding="UTF-8"?>
<!-- Generated by org.testng.reporters.JUnitReportReporter -->
<testsuite hostname="PC201808011230" name="GroupTest" tests="2" failures="0" timestamp="3 Dec 2019 09:23:35 GMT" time="0.007" errors="0">
  <testcase name="Server2" time="0.000" classname="GroupTest"/>
  <testcase name="Client1" time="0.007" classname="GroupTest"/>
</testsuite> <!-- GroupTest -->
