<?xml version="1.0" encoding="UTF-8"?>
<!-- Generated by org.testng.reporters.JUnitReportReporter -->
<testsuite hostname="PC201808011230" name="com.test.git.testNG.TestName" tests="4" failures="0" timestamp="6 Dec 2019 07:55:43 GMT" time="0.004" errors="0">
  <testcase name="testCase1" time="0.001" classname="com.test.git.testNG.TestName"/>
  <testcase name="testCase2" time="0.000" classname="com.test.git.testNG.TestName"/>
  <testcase name="testCase1" time="0.002" classname="com.test.git.testNG.TestName"/>
  <testcase name="testCase2" time="0.001" classname="com.test.git.testNG.TestName"/>
</testsuite> <!-- com.test.git.testNG.TestName -->
