<?xml version="1.0" encoding="UTF-8"?>
<!-- Generated by org.testng.reporters.JUnitReportReporter -->
<testsuite hostname="PC201808011230" name="com.test.git.testNG.Parameter.DataProviderTest" tests="2" failures="0" timestamp="6 Dec 2019 07:07:18 GMT" time="0.006" errors="0">
  <testcase name="testData" time="0.005" classname="com.test.git.testNG.Parameter.DataProviderTest"/>
  <testcase name="testData" time="0.001" classname="com.test.git.testNG.Parameter.DataProviderTest"/>
</testsuite> <!-- com.test.git.testNG.Parameter.DataProviderTest -->
