<?xml version="1.0" encoding="UTF-8"?>
<!-- Generated by org.testng.reporters.JUnitReportReporter -->
<testsuite hostname="PC201808011230" name="com.test.git.testNG.GroupTest" tests="2" failures="0" timestamp="5 Dec 2019 05:14:29 GMT" time="0.003" errors="0">
  <testcase name="Server2" time="0.000" classname="com.test.git.testNG.GroupTest"/>
  <testcase name="Client1" time="0.003" classname="com.test.git.testNG.GroupTest"/>
</testsuite> <!-- com.test.git.testNG.GroupTest -->
