<?xml version="1.0" encoding="UTF-8"?>
<!-- Generated by org.testng.reporters.JUnitReportReporter -->
<testsuite hostname="PC201808011230" name="com.test.git.testNG.BasicAnnotation" tests="1" failures="0" timestamp="11 Nov 2019 06:46:20 GMT" time="0.007" errors="0">
  <testcase name="testCase1" time="0.007" classname="com.test.git.testNG.BasicAnnotation"/>
</testsuite> <!-- com.test.git.testNG.BasicAnnotation -->
