<?xml version="1.0" encoding="UTF-8"?>
<!-- Generated by org.testng.reporters.JUnitReportReporter -->
<testsuite hostname="PC201808011230" name="com.test.git.testNG.ExpectedException" tests="1" failures="0" timestamp="5 Dec 2019 06:45:45 GMT" time="0.007" errors="0">
  <testcase name="runtimeExceptionSuccess" time="0.007" classname="com.test.git.testNG.ExpectedException"/>
</testsuite> <!-- com.test.git.testNG.ExpectedException -->
