<?xml version="1.0" encoding="UTF-8"?>
<!-- Generated by org.testng.reporters.JUnitReportReporter -->
<testsuite hostname="PC201808011230" name="com.test.git.testNG.suite.PayTest" tests="1" failures="0" timestamp="20 Nov 2019 13:00:41 GMT" time="0.001" errors="0">
  <testcase name="Pay" time="0.001" classname="com.test.git.testNG.suite.PayTest"/>
</testsuite> <!-- com.test.git.testNG.suite.PayTest -->
