<?xml version="1.0" encoding="UTF-8"?>
<!-- Generated by org.testng.reporters.JUnitReportReporter -->
<testsuite hostname="PC201808011230" name="com.test.git.testNG.TestName" tests="3" failures="0" timestamp="3 Dec 2019 08:55:27 GMT" time="0.009" errors="0">
  <testcase name="testCase1" time="0.004" classname="com.test.git.testNG.TestName"/>
  <testcase name="testCase3" time="0.004" classname="com.test.git.testNG.TestName"/>
  <testcase name="testCase2" time="0.001" classname="com.test.git.testNG.TestName"/>
</testsuite> <!-- com.test.git.testNG.TestName -->
