<?xml version="1.0" encoding="UTF-8"?>
<!-- Generated by org.testng.reporters.JUnitReportReporter -->
<testsuite hostname="PC201808011230" name="com.test.git.testNG.multiThread.multiThreadOnXmlTest" tests="3" failures="0" timestamp="6 Dec 2019 07:55:43 GMT" time="0.007" errors="0">
  <testcase name="test3" time="0.001" classname="com.test.git.testNG.multiThread.multiThreadOnXmlTest"/>
  <testcase name="test1" time="0.005" classname="com.test.git.testNG.multiThread.multiThreadOnXmlTest"/>
  <testcase name="test2" time="0.001" classname="com.test.git.testNG.multiThread.multiThreadOnXmlTest"/>
</testsuite> <!-- com.test.git.testNG.multiThread.multiThreadOnXmlTest -->
